------------------------------------------------------------------------------------------------------------------------

[2022-10-05 20:06:38 #1 store] 
Database 'C:\Users\marti\git\Bets21\src\main\resources\bets.temp' is opened by 20084@LAPTOP-3HJP2ED4

[2022-10-05 20:06:38 #2 type.registry] 
New type domain.User

[2022-10-05 20:06:38 #3 type.registry] 
New type domain.Admin

[2022-10-05 20:06:38 #4 type] 
Type domain.User is not enhanced.

[2022-10-05 20:06:38 #5 type.registry] 
New type domain.Mezua

[2022-10-05 20:06:38 #6 type.registry] 
New type java.util.Vector<domain.Mezua>

[2022-10-05 20:06:38 #7 type] 
Type domain.Admin is not enhanced.

[2022-10-05 20:06:38 #8 type] 
Type domain.Mezua is not enhanced.

[2022-10-05 20:06:38 #9 type.registry] 
New type domain.Registered

[2022-10-05 20:06:38 #10 type] 
Type domain.Registered is not enhanced.

[2022-10-05 20:06:38 #11 type.registry] 
New type domain.Boleto

[2022-10-05 20:06:38 #12 type.registry] 
New type java.util.Vector<domain.Boleto>

[2022-10-05 20:06:38 #13 type.registry] 
New type domain.Jarraitzailea

[2022-10-05 20:06:38 #14 type.registry] 
New type java.util.Vector<domain.Jarraitzailea>

[2022-10-05 20:06:38 #15 type.registry] 
New type domain.Apustua

[2022-10-05 20:06:38 #16 type.registry] 
New type java.util.Vector<domain.Apustua>

[2022-10-05 20:06:38 #17 type.registry] 
New type domain.Mugimendua

[2022-10-05 20:06:38 #18 type.registry] 
New type java.util.Vector<domain.Mugimendua>

[2022-10-05 20:06:38 #19 type] 
Type domain.Boleto is not enhanced.

[2022-10-05 20:06:38 #20 type] 
Type domain.Jarraitzailea is not enhanced.

[2022-10-05 20:06:38 #21 type] 
Type domain.Apustua is not enhanced.

[2022-10-05 20:06:38 #22 type.registry] 
New type domain.Kuota

[2022-10-05 20:06:38 #23 type.registry] 
New type java.util.Vector<domain.Kuota>

[2022-10-05 20:06:38 #24 type] 
Type domain.Mugimendua is not enhanced.

[2022-10-05 20:06:38 #25 type] 
Type domain.Kuota is not enhanced.

[2022-10-05 20:06:38 #26 type.registry] 
New type domain.Question

[2022-10-05 20:06:38 #27 type] 
Type domain.Question is not enhanced.

[2022-10-05 20:06:38 #28 type.registry] 
New type domain.Event

[2022-10-05 20:06:38 #29 type] 
Type domain.Event is not enhanced.

[2022-10-05 20:06:38 #30 type.registry] 
New type java.util.Vector<domain.Question>

